[2019-05-30 17:37:36.860] [exthost] [info] extension host started
[2019-05-30 17:37:37.726] [exthost] [info] extension host started
[2019-05-30 17:37:37.742] [exthost] [info] ExtensionService#_doActivateExtension vscode.debug-auto-launch {"startup":true,"activationEvent":"*"}
[2019-05-30 17:37:37.742] [exthost] [info] ExtensionService#loadCommonJSModule c:\Users\student\.codemix\engine\resources\app\extensions\debug-auto-launch\dist\extension
[2019-05-30 17:37:37.746] [exthost] [info] ExtensionService#_doActivateExtension vscode.emmet {"startup":true,"activationEvent":"*"}
[2019-05-30 17:37:37.746] [exthost] [info] ExtensionService#loadCommonJSModule c:\Users\student\.codemix\engine\resources\app\extensions\emmet\dist\extension
[2019-05-30 17:37:37.767] [exthost] [info] ExtensionService#_doActivateExtension vscode.merge-conflict {"startup":true,"activationEvent":"*"}
[2019-05-30 17:37:37.767] [exthost] [info] ExtensionService#loadCommonJSModule c:\Users\student\.codemix\engine\resources\app\extensions\merge-conflict\dist\extension
[2019-05-30 17:37:37.777] [exthost] [info] ExtensionService#_doActivateExtension christian-kohler.path-intellisense {"startup":true,"activationEvent":"*"}
[2019-05-30 17:37:37.777] [exthost] [info] ExtensionService#loadCommonJSModule C:\Users\student\.codemix\extensions\christian-kohler.path-intellisense-1.4.2\out\src\extension
[2019-05-30 17:37:37.802] [exthost] [info] ExtensionService#_doActivateExtension dbaeumer.vscode-eslint {"startup":true,"activationEvent":"*"}
[2019-05-30 17:37:37.802] [exthost] [info] ExtensionService#loadCommonJSModule C:\Users\student\.codemix\extensions\dbaeumer.vscode-eslint-1.8.2\client\out\extension
[2019-05-30 17:37:37.849] [exthost] [info] ExtensionService#_doActivateExtension formulahendry.auto-close-tag {"startup":true,"activationEvent":"*"}
[2019-05-30 17:37:37.849] [exthost] [info] ExtensionService#loadCommonJSModule C:\Users\student\.codemix\extensions\formulahendry.auto-close-tag-0.5.6\out\src\extension
[2019-05-30 17:37:37.853] [exthost] [info] ExtensionService#_doActivateExtension formulahendry.auto-rename-tag {"startup":true,"activationEvent":"*"}
[2019-05-30 17:37:37.853] [exthost] [info] ExtensionService#loadCommonJSModule C:\Users\student\.codemix\extensions\formulahendry.auto-rename-tag-0.0.15\out\src\extension
[2019-05-30 17:37:37.858] [exthost] [info] ExtensionService#_doActivateExtension vscode.configuration-editing {"startup":false,"activationEvent":"onLanguage:jsonc"}
[2019-05-30 17:37:37.858] [exthost] [info] ExtensionService#loadCommonJSModule c:\Users\student\.codemix\engine\resources\app\extensions\configuration-editing\dist\extension
[2019-05-30 17:37:37.870] [exthost] [info] ExtensionService#_doActivateExtension vscode.json-language-features {"startup":false,"activationEvent":"onLanguage:jsonc"}
[2019-05-30 17:37:37.870] [exthost] [info] ExtensionService#loadCommonJSModule c:\Users\student\.codemix\engine\resources\app\extensions\json-language-features\client\dist\jsonMain
[2019-05-30 17:37:37.951] [exthost] [info] ExtensionService#_doActivateExtension vscode.typescript-language-features {"startup":false,"activationEvent":"onLanguage:jsonc"}
[2019-05-30 17:37:37.951] [exthost] [info] ExtensionService#loadCommonJSModule c:\Users\student\.codemix\engine\resources\app\extensions\typescript-language-features\dist\extension
[2019-05-30 17:37:38.016] [exthost] [info] ExtensionService#_doActivateExtension vscode.grunt {"startup":false,"activationEvent":"onCommand:workbench.action.tasks.runTask"}
[2019-05-30 17:37:38.016] [exthost] [info] ExtensionService#loadCommonJSModule c:\Users\student\.codemix\engine\resources\app\extensions\grunt\dist\main
[2019-05-30 17:37:38.020] [exthost] [info] ExtensionService#_doActivateExtension vscode.gulp {"startup":false,"activationEvent":"onCommand:workbench.action.tasks.runTask"}
[2019-05-30 17:37:38.020] [exthost] [info] ExtensionService#loadCommonJSModule c:\Users\student\.codemix\engine\resources\app\extensions\gulp\dist\main
[2019-05-30 17:37:38.025] [exthost] [info] ExtensionService#_doActivateExtension vscode.jake {"startup":false,"activationEvent":"onCommand:workbench.action.tasks.runTask"}
[2019-05-30 17:37:38.025] [exthost] [info] ExtensionService#loadCommonJSModule c:\Users\student\.codemix\engine\resources\app\extensions\jake\dist\main
[2019-05-30 17:37:38.029] [exthost] [info] ExtensionService#_doActivateExtension vscode.npm {"startup":false,"activationEvent":"onCommand:workbench.action.tasks.runTask"}
[2019-05-30 17:37:38.029] [exthost] [info] ExtensionService#loadCommonJSModule c:\Users\student\.codemix\engine\resources\app\extensions\npm\dist\main
[2019-05-30 17:37:38.048] [exthost] [info] eager extensions activated
[2019-05-30 17:37:41.345] [exthost] [info] ExtensionService#_doActivateExtension vscode.html-language-features {"startup":false,"activationEvent":"onLanguage:html"}
[2019-05-30 17:37:41.345] [exthost] [info] ExtensionService#loadCommonJSModule c:\Users\student\.codemix\engine\resources\app\extensions\html-language-features\client\dist\htmlMain
[2019-05-30 17:37:41.419] [exthost] [info] ExtensionService#_doActivateExtension mkaufman.HTMLHint {"startup":false,"activationEvent":"onLanguage:html"}
[2019-05-30 17:37:41.419] [exthost] [info] ExtensionService#loadCommonJSModule C:\Users\student\.codemix\extensions\mkaufman.htmlhint-0.6.0\out\extension
[2019-05-30 17:37:43.032] [exthost] [info] extension host started
[2019-05-30 17:37:43.048] [exthost] [info] ExtensionService#_doActivateExtension vscode.debug-auto-launch {"startup":true,"activationEvent":"*"}
[2019-05-30 17:37:43.048] [exthost] [info] ExtensionService#loadCommonJSModule c:\Users\student\.codemix\engine\resources\app\extensions\debug-auto-launch\dist\extension
[2019-05-30 17:37:43.052] [exthost] [info] ExtensionService#_doActivateExtension vscode.emmet {"startup":true,"activationEvent":"*"}
[2019-05-30 17:37:43.052] [exthost] [info] ExtensionService#loadCommonJSModule c:\Users\student\.codemix\engine\resources\app\extensions\emmet\dist\extension
[2019-05-30 17:37:43.072] [exthost] [info] ExtensionService#_doActivateExtension vscode.merge-conflict {"startup":true,"activationEvent":"*"}
[2019-05-30 17:37:43.072] [exthost] [info] ExtensionService#loadCommonJSModule c:\Users\student\.codemix\engine\resources\app\extensions\merge-conflict\dist\extension
[2019-05-30 17:37:43.079] [exthost] [info] ExtensionService#_doActivateExtension christian-kohler.path-intellisense {"startup":true,"activationEvent":"*"}
[2019-05-30 17:37:43.079] [exthost] [info] ExtensionService#loadCommonJSModule C:\Users\student\.codemix\extensions\christian-kohler.path-intellisense-1.4.2\out\src\extension
[2019-05-30 17:37:43.098] [exthost] [info] ExtensionService#_doActivateExtension dbaeumer.vscode-eslint {"startup":true,"activationEvent":"*"}
[2019-05-30 17:37:43.098] [exthost] [info] ExtensionService#loadCommonJSModule C:\Users\student\.codemix\extensions\dbaeumer.vscode-eslint-1.8.2\client\out\extension
[2019-05-30 17:37:43.138] [exthost] [info] ExtensionService#_doActivateExtension formulahendry.auto-close-tag {"startup":true,"activationEvent":"*"}
[2019-05-30 17:37:43.138] [exthost] [info] ExtensionService#loadCommonJSModule C:\Users\student\.codemix\extensions\formulahendry.auto-close-tag-0.5.6\out\src\extension
[2019-05-30 17:37:43.139] [exthost] [info] ExtensionService#_doActivateExtension formulahendry.auto-rename-tag {"startup":true,"activationEvent":"*"}
[2019-05-30 17:37:43.139] [exthost] [info] ExtensionService#loadCommonJSModule C:\Users\student\.codemix\extensions\formulahendry.auto-rename-tag-0.0.15\out\src\extension
[2019-05-30 17:37:43.143] [exthost] [info] ExtensionService#_doActivateExtension vscode.configuration-editing {"startup":false,"activationEvent":"onLanguage:jsonc"}
[2019-05-30 17:37:43.143] [exthost] [info] ExtensionService#loadCommonJSModule c:\Users\student\.codemix\engine\resources\app\extensions\configuration-editing\dist\extension
[2019-05-30 17:37:43.152] [exthost] [info] ExtensionService#_doActivateExtension vscode.json-language-features {"startup":false,"activationEvent":"onLanguage:jsonc"}
[2019-05-30 17:37:43.152] [exthost] [info] ExtensionService#loadCommonJSModule c:\Users\student\.codemix\engine\resources\app\extensions\json-language-features\client\dist\jsonMain
[2019-05-30 17:37:43.219] [exthost] [info] ExtensionService#_doActivateExtension vscode.typescript-language-features {"startup":false,"activationEvent":"onLanguage:jsonc"}
[2019-05-30 17:37:43.219] [exthost] [info] ExtensionService#loadCommonJSModule c:\Users\student\.codemix\engine\resources\app\extensions\typescript-language-features\dist\extension
[2019-05-30 17:37:43.286] [exthost] [info] ExtensionService#_doActivateExtension vscode.grunt {"startup":false,"activationEvent":"onCommand:workbench.action.tasks.runTask"}
[2019-05-30 17:37:43.286] [exthost] [info] ExtensionService#loadCommonJSModule c:\Users\student\.codemix\engine\resources\app\extensions\grunt\dist\main
[2019-05-30 17:37:43.290] [exthost] [info] ExtensionService#_doActivateExtension vscode.gulp {"startup":false,"activationEvent":"onCommand:workbench.action.tasks.runTask"}
[2019-05-30 17:37:43.290] [exthost] [info] ExtensionService#loadCommonJSModule c:\Users\student\.codemix\engine\resources\app\extensions\gulp\dist\main
[2019-05-30 17:37:43.294] [exthost] [info] ExtensionService#_doActivateExtension vscode.jake {"startup":false,"activationEvent":"onCommand:workbench.action.tasks.runTask"}
[2019-05-30 17:37:43.294] [exthost] [info] ExtensionService#loadCommonJSModule c:\Users\student\.codemix\engine\resources\app\extensions\jake\dist\main
[2019-05-30 17:37:43.298] [exthost] [info] ExtensionService#_doActivateExtension vscode.npm {"startup":false,"activationEvent":"onCommand:workbench.action.tasks.runTask"}
[2019-05-30 17:37:43.298] [exthost] [info] ExtensionService#loadCommonJSModule c:\Users\student\.codemix\engine\resources\app\extensions\npm\dist\main
[2019-05-30 17:37:43.317] [exthost] [info] ExtensionService#_doActivateExtension vscode.html-language-features {"startup":false,"activationEvent":"onLanguage:html"}
[2019-05-30 17:37:43.317] [exthost] [info] ExtensionService#loadCommonJSModule c:\Users\student\.codemix\engine\resources\app\extensions\html-language-features\client\dist\htmlMain
[2019-05-30 17:37:43.378] [exthost] [info] ExtensionService#_doActivateExtension mkaufman.HTMLHint {"startup":false,"activationEvent":"onLanguage:html"}
[2019-05-30 17:37:43.378] [exthost] [info] ExtensionService#loadCommonJSModule C:\Users\student\.codemix\extensions\mkaufman.htmlhint-0.6.0\out\extension
[2019-05-30 17:37:43.436] [exthost] [info] eager extensions activated
